<?xml version="1.0" encoding="UTF-8"?>
<!-- Generated by org.testng.reporters.JUnitReportReporter -->
<testsuite hostname="USORNNIHANDA3" failures="0" tests="1" name="com.selenium.PracticalAssessment.AmazonTest" time="27.658" errors="0" timestamp="2020-10-06T15:51:04 MST" skipped="0">
  <testcase classname="com.selenium.PracticalAssessment.AmazonTest" name="amazon" time="27.658"/>
  <system-out/>
</testsuite> <!-- com.selenium.PracticalAssessment.AmazonTest -->
